<?xml version="1.0" encoding="UTF-8" ?>
<testsuite tests="1" failures="1" name="learnjee6.WordReaderTest" time="2.263" errors="0" skipped="0">
  <properties>
[...]
</properties>
  <testcase classname="learnjee6.WordReaderTest" name="testReader" time="2.263">
    <failure message="expected:&lt;File[]&gt; but was:&lt;File[e]&gt;" type="org.junit.ComparisonFailure">org.junit.ComparisonFailure: expected:&lt;File[]&gt; but was:&lt;File[e]&gt;
	at org.junit.Assert.assertEquals(Assert.java:115)
	at org.junit.Assert.assertEquals(Assert.java:144)
	at learnjee6.WordReaderTest.testReader(WordReaderTest.java:26)
	at sun.reflect.NativeMethodAccessorImpl.invoke0(Native Method)
	at sun.reflect.NativeMethodAccessorImpl.invoke(NativeMethodAccessorImpl.java:62)
	at sun.reflect.DelegatingMethodAccessorImpl.invoke(DelegatingMethodAccessorImpl.java:43)
	at java.lang.reflect.Method.invoke(Method.java:498)
	at org.junit.runners.model.FrameworkMethod$1.runReflectiveCall(FrameworkMethod.java:47)
	at org.junit.internal.runners.model.ReflectiveCallable.run(ReflectiveCallable.java:12)
	at org.junit.runners.model.FrameworkMethod.invokeExplosively(FrameworkMethod.java:44)
	at org.junit.internal.runners.statements.InvokeMethod.evaluate(InvokeMethod.java:17)
	at org.junit.internal.runners.statements.RunBefores.evaluate(RunBefores.java:26)
	at org.junit.runners.ParentRunner.runLeaf(ParentRunner.java:271)
	at org.junit.runners.BlockJUnit4ClassRunner.runChild(BlockJUnit4ClassRunner.java:70)
	at org.junit.runners.BlockJUnit4ClassRunner.runChild(BlockJUnit4ClassRunner.java:50)
	at org.junit.runners.ParentRunner$3.run(ParentRunner.java:238)
	at org.junit.runners.ParentRunner$1.schedule(ParentRunner.java:63)
	at org.junit.runners.ParentRunner.runChildren(ParentRunner.java:236)
	at org.junit.runners.ParentRunner.access$000(ParentRunner.java:53)
	at org.junit.runners.ParentRunner$2.evaluate(ParentRunner.java:229)
	at org.junit.runners.ParentRunner.run(ParentRunner.java:309)
	at org.apache.maven.surefire.junit4.JUnit4Provider.execute(JUnit4Provider.java:252)
	at org.apache.maven.surefire.junit4.JUnit4Provider.executeTestSet(JUnit4Provider.java:141)
	at org.apache.maven.surefire.junit4.JUnit4Provider.invoke(JUnit4Provider.java:112)
	at sun.reflect.NativeMethodAccessorImpl.invoke0(Native Method)
	at sun.reflect.NativeMethodAccessorImpl.invoke(NativeMethodAccessorImpl.java:62)
	at sun.reflect.DelegatingMethodAccessorImpl.invoke(DelegatingMethodAccessorImpl.java:43)
	at java.lang.reflect.Method.invoke(Method.java:498)
	at org.apache.maven.surefire.util.ReflectionUtils.invokeMethodWithArray(ReflectionUtils.java:189)
	at org.apache.maven.surefire.booter.ProviderFactory$ProviderProxy.invoke(ProviderFactory.java:165)
	at org.apache.maven.surefire.booter.ProviderFactory.invokeProvider(ProviderFactory.java:85)
	at org.apache.maven.surefire.booter.ForkedBooter.runSuitesInProcess(ForkedBooter.java:115)
	at org.apache.maven.surefire.booter.ForkedBooter.main(ForkedBooter.java:75)
</failure>
    <system-out>信息 - ********************************************************************************
信息 - OpenEJB http://tomee.apache.org/
信息 - Startup: Sat Jan 28 21:05:19 CET 2017
信息 - Copyright 1999-2016 (C) Apache OpenEJB Project, All Rights Reserved.
信息 - Version: 7.0.2
信息 - Build date: 20161106
信息 - Build time: 07:23
信息 - ********************************************************************************
信息 - openejb.home = D:\Program Files\Eclipse\workspace\learnjee6
信息 - openejb.base = D:\Program Files\Eclipse\workspace\learnjee6
信息 - Created new singletonService org.apache.openejb.cdi.ThreadSingletonServiceImpl@2812cbfa
信息 - Succeeded in installing singleton service
信息 - Using &apos;javax.ejb.embeddable.EJBContainer=true&apos;
信息 - Cannot find the configuration file [conf/openejb.xml].  Will attempt to create one for the beans deployed.
信息 - Configuring Service(id=Default Security Service, type=SecurityService, provider-id=Default Security Service)
信息 - Configuring Service(id=Default Transaction Manager, type=TransactionManager, provider-id=Default Transaction Manager)
信息 - Creating TransactionManager(id=Default Transaction Manager)
信息 - Creating SecurityService(id=Default Security Service)
信息 - Found EjbModule in classpath: d:\program files\eclipse\workspace\learnjee6\target\classes
信息 - Beginning load: d:\program files\eclipse\workspace\learnjee6\target\classes
信息 - Configuring enterprise application: D:\Program Files\Eclipse\workspace\learnjee6
信息 - Configuring Service(id=Default Managed Container, type=Container, provider-id=Default Managed Container)
信息 - Auto-creating a container for bean learnjee6.Comp1016550616: Container(type=MANAGED, id=Default Managed Container)
信息 - Creating Container(id=Default Managed Container)
信息 - Using directory C:\Users\xiaoxia\AppData\Local\Temp for stateful session passivation
警告 - WARN ... EjbModule{moduleId=&apos;learnjee6&apos;}:	Incorrect location of file file:/D:/Program%20Files/Eclipse/workspace/learnjee6/target/classes/beans.xml The file should be in META-INF directory
警告 - 1 warning for EjbModule(path=learnjee6)
信息 - Enterprise application &quot;D:\Program Files\Eclipse\workspace\learnjee6&quot; loaded.
信息 - Assembling app: D:\Program Files\Eclipse\workspace\learnjee6
信息 - Existing thread singleton service in SystemInstance(): org.apache.openejb.cdi.ThreadSingletonServiceImpl@2812cbfa
信息 - OpenWebBeans Container is starting...
信息 - Adding OpenWebBeansPlugin : [CdiPlugin]
信息 - All injection points were validated successfully.
信息 - OpenWebBeans Container has started, it took 473 ms.
信息 - Deployed Application(path=D:\Program Files\Eclipse\workspace\learnjee6)
</system-out>
  </testcase>
</testsuite>